<?xml version="1.0" encoding="UTF-8"?>
<!-- Generated by org.testng.reporters.JUnitReportReporter -->
<testsuite hostname="macs-MacBook-Pro.local" failures="0" tests="1" name="fillForm" time="43.142" errors="0" timestamp="2023-02-18T16:30:55 WAT" skipped="0">
  <testcase classname="fillForm" name="fillFormData" time="43.142"/>
  <system-out/>
</testsuite> <!-- fillForm -->
